Call translator on /home/engesser/ic-fond/mynd/run06/../../mapfdugen/mapfdu/domain_p06.pddl /home/engesser/ic-fond/mynd/run06/../../mapfdugen/mapfdu/p06.pddl
Parsing...
Parsing: [0.000s CPU, 0.005s wall-clock]
Normalizing task... [0.000s CPU, 0.002s wall-clock]
Instantiating...
Generating Datalog program... [0.000s CPU, 0.001s wall-clock]
Normalizing Datalog program...
Normalizing Datalog program: [0.010s CPU, 0.010s wall-clock]
Preparing model... [0.000s CPU, 0.003s wall-clock]
Generated 94 rules.
Computing model... [0.020s CPU, 0.022s wall-clock]
685 relevant atoms
468 auxiliary atoms
1153 final queue length
3319 total queue pushes
Completing instantiation... [0.060s CPU, 0.058s wall-clock]
Instantiating: [0.090s CPU, 0.094s wall-clock]
Computing fact groups...
Finding invariants...
19 initial candidates
Finding invariants: [0.010s CPU, 0.007s wall-clock]
Checking invariant weight... [0.000s CPU, 0.000s wall-clock]
Instantiating groups... [0.000s CPU, 0.001s wall-clock]
Collecting mutex groups... [0.000s CPU, 0.000s wall-clock]
Choosing groups...
110 uncovered facts
Choosing groups: [0.000s CPU, 0.000s wall-clock]
Building translation key... [0.000s CPU, 0.001s wall-clock]
Computing fact groups: [0.010s CPU, 0.010s wall-clock]
Building STRIPS to SAS dictionary... [0.000s CPU, 0.000s wall-clock]
Building dictionary for full mutex groups... [0.000s CPU, 0.000s wall-clock]
Building mutex information...
Building mutex information: [0.000s CPU, 0.000s wall-clock]
Translating task...
Processing axioms...
Simplifying axioms... [0.000s CPU, 0.001s wall-clock]
Processing axioms: [0.010s CPU, 0.008s wall-clock]
Translating task: [0.130s CPU, 0.128s wall-clock]
1336 effect conditions simplified
0 implied preconditions added
Detecting unreachable propositions...
0 operators removed
1 propositions removed
Detecting unreachable propositions: [0.010s CPU, 0.012s wall-clock]
Translator variables: 111
Translator derived variables: 15
Translator facts: 224
Translator goal facts: 1
Translator mutex groups: 1
Translator total mutex groups size: 4
Translator operators: 432
Translator axioms: 27
Translator task size: 6765
Translator peak memory: 34452 KB
Writing output... [0.020s CPU, 0.013s wall-clock]
Done! [0.260s CPU, 0.267s wall-clock]
Heuristic: FF-heuristic.
Algorithm: AO*-search
The protagonist has got a winning strategy.
INITIAL IS PROVEN!

Result: Strong plan found.

Time needed for preprocess (Parsing, PDBs, ...):    0.043 seconds.
Time needed for search:                             1.28 seconds.
Time needed:                                        1.323 seconds.
Total Garbage Collections: 10
Total Garbage Collection Time: 0 seconds.

Out of 2553 nodes, 749 are proven
Number of node expansions: 1870
Policy entries: 157
Number of sensing applications in policy: 0
Dot file: ../output/plan06.dot
