Call translator on /home/engesser/ic-fond/mynd/run14/../../mapfdugen/mapfdu/domain_p14.pddl /home/engesser/ic-fond/mynd/run14/../../mapfdugen/mapfdu/p14.pddl
Parsing...
Parsing: [0.010s CPU, 0.013s wall-clock]
Normalizing task... [19.230s CPU, 19.235s wall-clock]
Instantiating...
Generating Datalog program... [2.450s CPU, 2.450s wall-clock]
Normalizing Datalog program...
Normalizing Datalog program: [5.630s CPU, 5.637s wall-clock]
Preparing model... [36.450s CPU, 36.455s wall-clock]
Generated 131230 rules.
Computing model... [8.980s CPU, 8.982s wall-clock]
69337 relevant atoms
3948 auxiliary atoms
73285 final queue length
244041 total queue pushes
Completing instantiation... [22.130s CPU, 22.135s wall-clock]
Instantiating: [77.210s CPU, 77.223s wall-clock]
Computing fact groups...
Finding invariants...
19 initial candidates
Finding invariants: [0.030s CPU, 0.026s wall-clock]
Checking invariant weight... [0.010s CPU, 0.011s wall-clock]
Instantiating groups... [0.010s CPU, 0.005s wall-clock]
Collecting mutex groups... [0.000s CPU, 0.001s wall-clock]
Choosing groups...
610 uncovered facts
Choosing groups: [0.000s CPU, 0.002s wall-clock]
Building translation key... [0.000s CPU, 0.003s wall-clock]
Computing fact groups: [0.060s CPU, 0.060s wall-clock]
Building STRIPS to SAS dictionary... [0.010s CPU, 0.001s wall-clock]
Building dictionary for full mutex groups... [0.000s CPU, 0.001s wall-clock]
Building mutex information...
Building mutex information: [0.000s CPU, 0.002s wall-clock]
Translating task...
Processing axioms...
Simplifying axioms... [17.640s CPU, 17.633s wall-clock]
Processing axioms: [19.920s CPU, 19.918s wall-clock]
Translating task: [25.330s CPU, 25.340s wall-clock]
46912 effect conditions simplified
0 implied preconditions added
Detecting unreachable propositions...
0 operators removed
1 propositions removed
Detecting unreachable propositions: [0.520s CPU, 0.509s wall-clock]
Translator variables: 611
Translator derived variables: 13
Translator facts: 1236
Translator goal facts: 1
Translator mutex groups: 1
Translator total mutex groups size: 16
Translator operators: 2944
Translator axioms: 6685
Translator task size: 230545
Translator peak memory: 2006220 KB
Writing output... [0.320s CPU, 0.350s wall-clock]
Done! [123.350s CPU, 123.397s wall-clock]
Heuristic: FF-heuristic.
Algorithm: AO*-search
The protagonist has got a winning strategy.
INITIAL IS PROVEN!

Result: Strong plan found.

Time needed for preprocess (Parsing, PDBs, ...):    0.215 seconds.
Time needed for search:                             6294.754 seconds.
Time needed:                                        6294.969 seconds.
Total Garbage Collections: 1084
Total Garbage Collection Time: 27 seconds.

Out of 349465 nodes, 113927 are proven
Number of node expansions: 189579
Policy entries: 3310
Number of sensing applications in policy: 0
Dot file: ../output/plan14.dot
