Call translator on /home/engesser/ic-fond/mynd/run04/../../mapfdugen/mapfdu/domain_p04.pddl /home/engesser/ic-fond/mynd/run04/../../mapfdugen/mapfdu/p04.pddl
Parsing...
Parsing: [0.010s CPU, 0.005s wall-clock]
Normalizing task... [0.000s CPU, 0.002s wall-clock]
Instantiating...
Generating Datalog program... [0.000s CPU, 0.001s wall-clock]
Normalizing Datalog program...
Normalizing Datalog program: [0.010s CPU, 0.011s wall-clock]
Preparing model... [0.000s CPU, 0.003s wall-clock]
Generated 94 rules.
Computing model... [0.020s CPU, 0.017s wall-clock]
501 relevant atoms
372 auxiliary atoms
873 final queue length
2419 total queue pushes
Completing instantiation... [0.040s CPU, 0.043s wall-clock]
Instantiating: [0.070s CPU, 0.075s wall-clock]
Computing fact groups...
Finding invariants...
19 initial candidates
Finding invariants: [0.010s CPU, 0.007s wall-clock]
Checking invariant weight... [0.000s CPU, 0.000s wall-clock]
Instantiating groups... [0.000s CPU, 0.001s wall-clock]
Collecting mutex groups... [0.000s CPU, 0.000s wall-clock]
Choosing groups...
82 uncovered facts
Choosing groups: [0.000s CPU, 0.000s wall-clock]
Building translation key... [0.000s CPU, 0.000s wall-clock]
Computing fact groups: [0.010s CPU, 0.010s wall-clock]
Building STRIPS to SAS dictionary... [0.000s CPU, 0.000s wall-clock]
Building dictionary for full mutex groups... [0.000s CPU, 0.000s wall-clock]
Building mutex information...
Building mutex information: [0.000s CPU, 0.000s wall-clock]
Translating task...
Processing axioms...
Simplifying axioms... [0.000s CPU, 0.001s wall-clock]
Processing axioms: [0.010s CPU, 0.006s wall-clock]
Translating task: [0.100s CPU, 0.092s wall-clock]
952 effect conditions simplified
0 implied preconditions added
Detecting unreachable propositions...
0 operators removed
1 propositions removed
Detecting unreachable propositions: [0.000s CPU, 0.009s wall-clock]
Translator variables: 83
Translator derived variables: 11
Translator facts: 168
Translator goal facts: 1
Translator mutex groups: 1
Translator total mutex groups size: 4
Translator operators: 304
Translator axioms: 23
Translator task size: 4813
Translator peak memory: 33040 KB
Writing output... [0.000s CPU, 0.010s wall-clock]
Done! [0.200s CPU, 0.204s wall-clock]
Heuristic: FF-heuristic.
Algorithm: AO*-search
The protagonist has got a winning strategy.
INITIAL IS PROVEN!

Result: Strong plan found.

Time needed for preprocess (Parsing, PDBs, ...):    0.033 seconds.
Time needed for search:                             0.632 seconds.
Time needed:                                        0.665 seconds.
Total Garbage Collections: 8
Total Garbage Collection Time: 0 seconds.

Out of 1589 nodes, 1136 are proven
Number of node expansions: 1308
Policy entries: 152
Number of sensing applications in policy: 0
Dot file: ../output/plan04.dot
