Call translator on /home/engesser/ic-fond/mynd/run07/../../mapfdugen/mapfdu/domain_p07.pddl /home/engesser/ic-fond/mynd/run07/../../mapfdugen/mapfdu/p07.pddl
Parsing...
Parsing: [0.010s CPU, 0.007s wall-clock]
Normalizing task... [0.030s CPU, 0.033s wall-clock]
Instantiating...
Generating Datalog program... [0.010s CPU, 0.005s wall-clock]
Normalizing Datalog program...
Normalizing Datalog program: [0.010s CPU, 0.024s wall-clock]
Preparing model... [0.050s CPU, 0.045s wall-clock]
Generated 606 rules.
Computing model... [0.050s CPU, 0.056s wall-clock]
1033 relevant atoms
904 auxiliary atoms
1937 final queue length
9967 total queue pushes
Completing instantiation... [0.220s CPU, 0.216s wall-clock]
Instantiating: [0.340s CPU, 0.347s wall-clock]
Computing fact groups...
Finding invariants...
19 initial candidates
Finding invariants: [0.010s CPU, 0.012s wall-clock]
Checking invariant weight... [0.000s CPU, 0.001s wall-clock]
Instantiating groups... [0.000s CPU, 0.001s wall-clock]
Collecting mutex groups... [0.000s CPU, 0.000s wall-clock]
Choosing groups...
137 uncovered facts
Choosing groups: [0.000s CPU, 0.000s wall-clock]
Building translation key... [0.000s CPU, 0.001s wall-clock]
Computing fact groups: [0.020s CPU, 0.018s wall-clock]
Building STRIPS to SAS dictionary... [0.000s CPU, 0.000s wall-clock]
Building dictionary for full mutex groups... [0.000s CPU, 0.000s wall-clock]
Building mutex information...
Building mutex information: [0.000s CPU, 0.000s wall-clock]
Translating task...
Processing axioms...
Simplifying axioms... [0.020s CPU, 0.025s wall-clock]
Processing axioms: [0.040s CPU, 0.047s wall-clock]
Translating task: [0.340s CPU, 0.346s wall-clock]
3864 effect conditions simplified
0 implied preconditions added
Detecting unreachable propositions...
0 operators removed
1 propositions removed
Detecting unreachable propositions: [0.030s CPU, 0.028s wall-clock]
Translator variables: 138
Translator derived variables: 7
Translator facts: 282
Translator goal facts: 1
Translator mutex groups: 1
Translator total mutex groups size: 8
Translator operators: 528
Translator axioms: 143
Translator task size: 15391
Translator peak memory: 42920 KB
Writing output... [0.020s CPU, 0.026s wall-clock]
Done! [0.800s CPU, 0.810s wall-clock]
Heuristic: FF-heuristic.
Algorithm: AO*-search
The protagonist has got a winning strategy.
INITIAL IS PROVEN!

Result: Strong plan found.

Time needed for preprocess (Parsing, PDBs, ...):    0.053 seconds.
Time needed for search:                             1.924 seconds.
Time needed:                                        1.977 seconds.
Total Garbage Collections: 14
Total Garbage Collection Time: 0 seconds.

Out of 2797 nodes, 1665 are proven
Number of node expansions: 2111
Policy entries: 525
Number of sensing applications in policy: 0
Dot file: ../output/plan07.dot
