Call translator on /home/engesser/ic-fond/mynd/run14/../../mapfdugen/fond/domain_p14.pddl /home/engesser/ic-fond/mynd/run14/../../mapfdugen/fond/p14.pddl
Parsing...
Parsing: [0.010s CPU, 0.013s wall-clock]
Normalizing task... [19.340s CPU, 19.354s wall-clock]
Instantiating...
Generating Datalog program... [2.440s CPU, 2.430s wall-clock]
Normalizing Datalog program...
Normalizing Datalog program: [5.530s CPU, 5.542s wall-clock]
Preparing model... [38.210s CPU, 38.204s wall-clock]
Generated 131230 rules.
Computing model... [8.810s CPU, 8.815s wall-clock]
69337 relevant atoms
3948 auxiliary atoms
73285 final queue length
244041 total queue pushes
Completing instantiation... [22.350s CPU, 22.356s wall-clock]
Instantiating: [78.910s CPU, 78.911s wall-clock]
Computing fact groups...
Finding invariants...
19 initial candidates
Finding invariants: [0.020s CPU, 0.026s wall-clock]
Checking invariant weight... [0.020s CPU, 0.011s wall-clock]
Instantiating groups... [0.000s CPU, 0.005s wall-clock]
Collecting mutex groups... [0.000s CPU, 0.001s wall-clock]
Choosing groups...
610 uncovered facts
Choosing groups: [0.000s CPU, 0.002s wall-clock]
Building translation key... [0.000s CPU, 0.003s wall-clock]
Computing fact groups: [0.060s CPU, 0.060s wall-clock]
Building STRIPS to SAS dictionary... [0.000s CPU, 0.001s wall-clock]
Building dictionary for full mutex groups... [0.000s CPU, 0.001s wall-clock]
Building mutex information...
Building mutex information: [0.000s CPU, 0.002s wall-clock]
Translating task...
Processing axioms...
Simplifying axioms... [17.550s CPU, 17.561s wall-clock]
Processing axioms: [19.800s CPU, 19.797s wall-clock]
Translating task: [25.150s CPU, 25.153s wall-clock]
46912 effect conditions simplified
0 implied preconditions added
Detecting unreachable propositions...
0 operators removed
1 propositions removed
Detecting unreachable propositions: [0.500s CPU, 0.497s wall-clock]
Translator variables: 611
Translator derived variables: 13
Translator facts: 1236
Translator goal facts: 1
Translator mutex groups: 1
Translator total mutex groups size: 16
Translator operators: 2944
Translator axioms: 6685
Translator task size: 230545
Translator peak memory: 2005992 KB
Writing output... [0.330s CPU, 0.348s wall-clock]
Done! [124.960s CPU, 125.001s wall-clock]
Heuristic: Zero-heuristic.
Algorithm: AO*-search
