Call translator on /home/engesser/ic-fond/mynd/run01/../../mapfdugen/fond/domain_p01.pddl /home/engesser/ic-fond/mynd/run01/../../mapfdugen/fond/p01.pddl
Parsing...
Parsing: [0.000s CPU, 0.005s wall-clock]
Normalizing task... [0.000s CPU, 0.002s wall-clock]
Instantiating...
Generating Datalog program... [0.000s CPU, 0.001s wall-clock]
Normalizing Datalog program...
Normalizing Datalog program: [0.000s CPU, 0.011s wall-clock]
Preparing model... [0.000s CPU, 0.003s wall-clock]
Generated 94 rules.
Computing model... [0.010s CPU, 0.009s wall-clock]
225 relevant atoms
228 auxiliary atoms
453 final queue length
1069 total queue pushes
Completing instantiation... [0.020s CPU, 0.018s wall-clock]
Instantiating: [0.030s CPU, 0.041s wall-clock]
Computing fact groups...
Finding invariants...
19 initial candidates
Finding invariants: [0.010s CPU, 0.007s wall-clock]
Checking invariant weight... [0.000s CPU, 0.000s wall-clock]
Instantiating groups... [0.000s CPU, 0.001s wall-clock]
Collecting mutex groups... [0.000s CPU, 0.000s wall-clock]
Choosing groups...
40 uncovered facts
Choosing groups: [0.000s CPU, 0.000s wall-clock]
Building translation key... [0.000s CPU, 0.000s wall-clock]
Computing fact groups: [0.010s CPU, 0.009s wall-clock]
Building STRIPS to SAS dictionary... [0.000s CPU, 0.000s wall-clock]
Building dictionary for full mutex groups... [0.000s CPU, 0.000s wall-clock]
Building mutex information...
Building mutex information: [0.000s CPU, 0.000s wall-clock]
Translating task...
Processing axioms...
Simplifying axioms... [0.000s CPU, 0.001s wall-clock]
Processing axioms: [0.000s CPU, 0.003s wall-clock]
Translating task: [0.030s CPU, 0.036s wall-clock]
376 effect conditions simplified
0 implied preconditions added
Detecting unreachable propositions...
0 operators removed
1 propositions removed
Detecting unreachable propositions: [0.010s CPU, 0.004s wall-clock]
Translator variables: 41
Translator derived variables: 5
Translator facts: 84
Translator goal facts: 1
Translator mutex groups: 1
Translator total mutex groups size: 4
Translator operators: 112
Translator axioms: 17
Translator task size: 1885
Translator peak memory: 30508 KB
Writing output... [0.000s CPU, 0.004s wall-clock]
Done! [0.080s CPU, 0.102s wall-clock]
Heuristic: Zero-heuristic.
Algorithm: AO*-search
The protagonist has got a winning strategy.
INITIAL IS PROVEN!

Result: Strong plan found.

Time needed for preprocess (Parsing, PDBs, ...):    0.014 seconds.
Time needed for search:                             0.054 seconds.
Time needed:                                        0.068 seconds.
Total Garbage Collections: 1
Total Garbage Collection Time: 0 seconds.

Out of 195 nodes, 115 are proven
Number of node expansions: 149
Policy entries: 85
Number of sensing applications in policy: 0
Dot file: ../output/plan01.dot
