Call translator on /home/engesser/ic-fond/mynd/run10/../../mapfdugen/fond/domain_p10.pddl /home/engesser/ic-fond/mynd/run10/../../mapfdugen/fond/p10.pddl
Parsing...
Parsing: [0.000s CPU, 0.006s wall-clock]
Normalizing task... [0.030s CPU, 0.033s wall-clock]
Instantiating...
Generating Datalog program... [0.010s CPU, 0.005s wall-clock]
Normalizing Datalog program...
Normalizing Datalog program: [0.020s CPU, 0.023s wall-clock]
Preparing model... [0.040s CPU, 0.046s wall-clock]
Generated 606 rules.
Computing model... [0.080s CPU, 0.083s wall-clock]
1717 relevant atoms
1108 auxiliary atoms
2825 final queue length
15997 total queue pushes
Completing instantiation... [0.350s CPU, 0.348s wall-clock]
Instantiating: [0.500s CPU, 0.506s wall-clock]
Computing fact groups...
Finding invariants...
19 initial candidates
Finding invariants: [0.010s CPU, 0.013s wall-clock]
Checking invariant weight... [0.000s CPU, 0.001s wall-clock]
Instantiating groups... [0.000s CPU, 0.001s wall-clock]
Collecting mutex groups... [0.000s CPU, 0.000s wall-clock]
Choosing groups...
197 uncovered facts
Choosing groups: [0.000s CPU, 0.000s wall-clock]
Building translation key... [0.000s CPU, 0.001s wall-clock]
Computing fact groups: [0.020s CPU, 0.019s wall-clock]
Building STRIPS to SAS dictionary... [0.000s CPU, 0.000s wall-clock]
Building dictionary for full mutex groups... [0.000s CPU, 0.000s wall-clock]
Building mutex information...
Building mutex information: [0.000s CPU, 0.000s wall-clock]
Translating task...
Processing axioms...
Simplifying axioms... [0.020s CPU, 0.025s wall-clock]
Processing axioms: [0.070s CPU, 0.066s wall-clock]
Translating task: [0.670s CPU, 0.671s wall-clock]
6744 effect conditions simplified
0 implied preconditions added
Detecting unreachable propositions...
0 operators removed
1 propositions removed
Detecting unreachable propositions: [0.050s CPU, 0.054s wall-clock]
Translator variables: 198
Translator derived variables: 13
Translator facts: 402
Translator goal facts: 1
Translator mutex groups: 1
Translator total mutex groups size: 8
Translator operators: 1104
Translator axioms: 149
Translator task size: 29131
Translator peak memory: 52648 KB
Writing output... [0.050s CPU, 0.048s wall-clock]
Done! [1.340s CPU, 1.349s wall-clock]
Heuristic: Zero-heuristic.
Algorithm: AO*-search
The protagonist has got a winning strategy.
INITIAL IS PROVEN!

Result: Strong plan found.

Time needed for preprocess (Parsing, PDBs, ...):    0.03 seconds.
Time needed for search:                             128.555 seconds.
Time needed:                                        128.585 seconds.
Total Garbage Collections: 32
Total Garbage Collection Time: 0 seconds.

Out of 72364 nodes, 42530 are proven
Number of node expansions: 62951
Policy entries: 836
Number of sensing applications in policy: 0
Dot file: ../output/plan10.dot
